<?xml version="1.0" encoding="utf-8" standalone="no"?>
<!--This report has been generated by NCrunch in the form of NUnit test results.  The actual test framework used may not necessarily be NUnit, and may vary depending upon the test.-->
<test-results name="C:\Dev\repos\f#\yeoman\firstlib.tests\firstlib.tests.sln" total="0" errors="0" failures="0" not-run="0" inconclusive="0" ignored="0" skipped="0" invalid="0" date="2016-08-30" time="13:40:40">
  <environment nunit-version="2.6.2.12296" clr-version="4.0.30319.42000" os-version="Microsoft Windows NT 6.2.9200.0" platform="Win32NT" cwd="C:\Dev\repos\f#\yeoman\firstlib.tests" machine-name="T5JOSEPHE-PC1" user="JosephE" user-domain="ELLKAY" />
  <culture-info current-culture="en-US" current-uiculture="en-US" />
</test-results>